Running: C:\Xilinx\14.7\ISE_DS\ISE\bin\nt64\unwrapped\fuse.exe -intstyle ise -incremental -lib unisims_ver -lib unimacro_ver -lib xilinxcorelib_ver -lib secureip -o U:/Documents/finalproject/ee354-finalproject/ee354-finalproject/sort_tb_isim_beh.exe -prj U:/Documents/finalproject/ee354-finalproject/ee354-finalproject/sort_tb_beh.prj work.sort_tb work.glbl 
ISim P.20131013 (signature 0x7708f090)
Number of CPUs detected in this system: 2
Turning on mult-threading, number of parallel sub-compilation jobs: 4 
Determining compilation order of HDL files
Analyzing Verilog file "U:/Documents/finalproject/ee354-finalproject/ee354-finalproject/../../sort.v" into library work
Analyzing Verilog file "U:/Documents/finalproject/ee354-finalproject/ee354-finalproject/../../sort_tb.v" into library work
Analyzing Verilog file "C:/Xilinx/14.7/ISE_DS/ISE//verilog/src/glbl.v" into library work
Starting static elaboration
WARNING:HDLCompiler:329 - "U:/Documents/finalproject/ee354-finalproject/ee354-finalproject/../../sort_tb.v" Line 47: Target <b0> of concurrent assignment or output port connection should be a net type.
WARNING:HDLCompiler:329 - "U:/Documents/finalproject/ee354-finalproject/ee354-finalproject/../../sort_tb.v" Line 48: Target <b10> of concurrent assignment or output port connection should be a net type.
WARNING:HDLCompiler:329 - "U:/Documents/finalproject/ee354-finalproject/ee354-finalproject/../../sort_tb.v" Line 49: Target <b18> of concurrent assignment or output port connection should be a net type.
WARNING:HDLCompiler:329 - "U:/Documents/finalproject/ee354-finalproject/ee354-finalproject/../../sort_tb.v" Line 50: Target <b26> of concurrent assignment or output port connection should be a net type.
Completed static elaboration
Compiling module sort
Compiling module sort_tb
Compiling module glbl
Time Resolution for simulation is 1ps.
Compiled 3 Verilog Units
Built simulation executable U:/Documents/finalproject/ee354-finalproject/ee354-finalproject/sort_tb_isim_beh.exe
Fuse Memory Usage: 28620 KB
Fuse CPU Usage: 624 ms
